0 info it worked if it ends with ok
1 verbose cli [ 'U:\\runtime\\nodejs\\node.exe',
1 verbose cli   'U:\\runtime\\nodejs\\global\\node_modules\\cnpm\\node_modules\\npm\\bin\\npm-cli.js',
1 verbose cli   '--userconfig=C:\\Users\\chenf\\.cnpmrc',
1 verbose cli   '--disturl=https://npm.taobao.org/mirrors/node',
1 verbose cli   '--registry=https://registry.npm.taobao.org',
1 verbose cli   'run',
1 verbose cli   'watch' ]
2 info using npm@3.10.10
3 info using node@v8.1.4
4 verbose run-script [ 'prewatch', 'watch', 'postwatch' ]
5 info lifecycle typescript-study@1.0.0~prewatch: typescript-study@1.0.0
6 silly lifecycle typescript-study@1.0.0~prewatch: no script for prewatch, continuing
7 info lifecycle typescript-study@1.0.0~watch: typescript-study@1.0.0
8 verbose lifecycle typescript-study@1.0.0~watch: unsafe-perm in lifecycle true
9 verbose lifecycle typescript-study@1.0.0~watch: PATH: U:\runtime\nodejs\global\node_modules\cnpm\node_modules\npm\bin\node-gyp-bin;U:\git\functional_language_study\typescript-study\node_modules\.bin;C:\ProgramData\Oracle\Java\javapath;C:\Program Files (x86)\Intel\iCLS Client\;C:\Program Files\Intel\iCLS Client\;C:\WINDOWS\system32;C:\WINDOWS;C:\WINDOWS\System32\Wbem;C:\WINDOWS\System32\WindowsPowerShell\v1.0\;C:\Program Files (x86)\Intel\Intel(R) Management Engine Components\DAL;C:\Program Files\Intel\Intel(R) Management Engine Components\DAL;C:\Program Files (x86)\Intel\Intel(R) Management Engine Components\IPT;C:\Program Files\Intel\Intel(R) Management Engine Components\IPT;U:\app\PuTTY\;U:\runtime\java\jdk1.8.0_112\bin;U:\runtime\java\apache-maven-3.3.9\bin;U:\runtime\scala\bin;u:\app\Git\cmd;U:\runtime\nodejs\global\;U:\runtime\python-3.5.2-embed-amd64\;U:\app\TortoiseGit\bin;U:\runtime\nodejs\;;U:\app\Microsoft VS Code\bin;u:\runtime\babun-1.2.0\.babun;C:\Users\chenf\AppData\Local\Microsoft\WindowsApps;u:\runtime\Docker Toolbox;C:\Users\chenf\AppData\Roaming\npm
10 verbose lifecycle typescript-study@1.0.0~watch: CWD: U:\git\functional_language_study\typescript-study
11 silly lifecycle typescript-study@1.0.0~watch: Args: [ '/d /s /c', 'mocha-typescript-watch' ]
12 silly lifecycle typescript-study@1.0.0~watch: Returned: code: 1  signal: null
13 info lifecycle typescript-study@1.0.0~watch: Failed to exec watch script
14 verbose stack Error: typescript-study@1.0.0 watch: `mocha-typescript-watch`
14 verbose stack Exit status 1
14 verbose stack     at EventEmitter.<anonymous> (U:\runtime\nodejs\global\node_modules\cnpm\node_modules\npm\lib\utils\lifecycle.js:255:16)
14 verbose stack     at emitTwo (events.js:125:13)
14 verbose stack     at EventEmitter.emit (events.js:213:7)
14 verbose stack     at ChildProcess.<anonymous> (U:\runtime\nodejs\global\node_modules\cnpm\node_modules\npm\lib\utils\spawn.js:40:14)
14 verbose stack     at emitTwo (events.js:125:13)
14 verbose stack     at ChildProcess.emit (events.js:213:7)
14 verbose stack     at maybeClose (internal/child_process.js:897:16)
14 verbose stack     at Process.ChildProcess._handle.onexit (internal/child_process.js:208:5)
15 verbose pkgid typescript-study@1.0.0
16 verbose cwd U:\git\functional_language_study\typescript-study
17 error Windows_NT 10.0.14393
18 error argv "U:\\runtime\\nodejs\\node.exe" "U:\\runtime\\nodejs\\global\\node_modules\\cnpm\\node_modules\\npm\\bin\\npm-cli.js" "--userconfig=C:\\Users\\chenf\\.cnpmrc" "--disturl=https://npm.taobao.org/mirrors/node" "--registry=https://registry.npm.taobao.org" "run" "watch"
19 error node v8.1.4
20 error npm  v3.10.10
21 error code ELIFECYCLE
22 error typescript-study@1.0.0 watch: `mocha-typescript-watch`
22 error Exit status 1
23 error Failed at the typescript-study@1.0.0 watch script 'mocha-typescript-watch'.
23 error Make sure you have the latest version of node.js and npm installed.
23 error If you do, this is most likely a problem with the typescript-study package,
23 error not with npm itself.
23 error Tell the author that this fails on your system:
23 error     mocha-typescript-watch
23 error You can get information on how to open an issue for this project with:
23 error     npm bugs typescript-study
23 error Or if that isn't available, you can get their info via:
23 error     npm owner ls typescript-study
23 error There is likely additional logging output above.
24 verbose exit [ 1, true ]
